<?xml version="1.0" encoding="UTF-8"?>
<!-- Generated by org.testng.reporters.JUnitXMLReporter -->
<testsuite hostname="DESKTOP-T90LS45" name="NegativeTests" tests="4" failures="0" timestamp="1 Nov 2016 17:44:08 GMT" time="0.552" errors="0">
  <testcase name="negatIsNegat" time="0.003" classname="classes.NegativeTests"/>
  <testcase name="negatIsNegat" time="0.001" classname="classes.NegativeTests"/>
  <testcase name="negatIsPos" time="0.003" classname="classes.NegativeTests"/>
  <testcase name="negatIsPos" time="0.0" classname="classes.NegativeTests"/>
</testsuite> <!-- NegativeTests -->
