<?xml version="1.0" encoding="UTF-8"?>
<!-- Generated by org.testng.reporters.JUnitXMLReporter -->
<testsuite hostname="DESKTOP-T90LS45" name="Smoke Group" tests="7" failures="0" timestamp="1 Nov 2016 17:54:31 GMT" time="0.984" errors="0">
  <testcase name="multLong" time="0.006" classname="classes.MultDivPowSqrtTest"/>
  <testcase name="subDouble" time="0.006" classname="classes.SumSubTest"/>
  <testcase name="multDblMathFloor" time="0.006" classname="classes.MultDivPowSqrtTest"/>
  <testcase name="sumDouble" time="0.0" classname="classes.SumSubTest"/>
  <testcase name="sumLong" time="0.003" classname="classes.SumSubTest"/>
  <testcase name="divLong" time="0.001" classname="classes.MultDivPowSqrtTest"/>
  <testcase name="subLong" time="0.0" classname="classes.SumSubTest"/>
</testsuite> <!-- Smoke Group -->
